2988
2992
2988
2985
2993
2988
2984
2994
2980
2947
2905
2993
2989
2991
2983
2991
2996
2985
2769
2993
1941
2993
2988
2995
2866
2148
2993
2943
2993
2822
2991
2935
2992
2988
2978
2976
2964
2994
2989
2982
2948
2981
2978
2993
2995
2986
2979
2989
2992
2995
2995
2986
2735
2983
2923
2993
2984
2918
2994
2983
2992
2983
2985
2986
2501
2994
2984
2973
1068
2981
2979
2993
2977
2786
2983
2997
2954
2990
2994
2997
2991
2958
2980
2872
2994
2994
2965
2908
2973
2985
2858
2955
2983
2966
2996
2996
2994
2966
2977
2996
