2988
2992
2988
2985
2993
2988
2984
2994
2980
2947
2905
2993
2989
2991
2983
2991
2996
2985
2769
2993
1941
2993
2988
2995
2866
2148
2993
2943
2993
2822
2991
2935
2992
2988
2978
2976
2964
2994
2989
2982
2948
2981
2978
2993
2995
2986
2979
2989
2992
2995
2995
2986
2735
2983
2923
2993
2984
2918
2994
2983
2992
2983
2985
2986
2501
2994
2984
2973
1068
2981
2979
2993
2977
2786
2983
2997
2954
2990
2994
2997
2991
2958
2980
2872
2994
2994
2965
2908
2973
2985
2858
2955
2983
2966
2996
2996
2994
2966
2977
2996
2994
2921
2978
2990
2964
2992
2990
2985
2985
2968
2987
2996
2992
2991
2992
2995
2969
2980
2979
2933
2994
2974
2987
2992
2981
2976
2993
2981
2988
2975
2995
2973
2985
2994
2990
2985
2997
2996
2997
2991
2996
2982
2995
2937
2993
2992
2990
2831
2996
2988
2968
2950
2843
2995
2993
2989
2989
2987
2995
2987
2995
2981
2996
2930
2969
2978
2997
2614
2984
2944
2990
2992
2690
2990
2991
2996
2981
2995
2976
2966
2996
2988
2990
2803
2984
2992
2996
2990
2961
2993
2933
2992
2992
2991
2791
2986
2982
2984
2981
2996
2992
2976
2991
2992
2821
2990
2994
2994
2987
2996
2992
2995
2977
2990
2933
2945
2994
2996
2966
2996
2983
2980
2991
2989
2990
2986
2992
2983
2978
2996
2992
2982
2996
2988
2994
2992
2990
2996
2975
2991
2982
2407
2985
2962
2990
2989
2994
2974
2986
2990
2967
2994
2994
2992
2992
2989
2985
2991
2974
2996
2994
2955
2991
2987
2935
2991
2983
2993
2991
2982
2981
2960
2987
281443702715582
2973
2992
2983
2987
2991
2970
2973
2951
2993
2992
2996
2991
2990
2991
2977
2991
2938
2994
2992
2989
2991
2997
2989
2970
2988
2712
2969
2985
2993
2950
2989
2989
2938
2932
2987
2988
2921
2971
2995
2990
2989
2984
2974
2979
2989
2987
2929
2984
2913
2993
2988
2979
2959
2992
2983
2994
2983
2945
2987
2996
2983
2903
2990
2990
2995
2993
2987
2974
2983
2974
2986
2941
2989
2995
1572
2973
2974
2987
2989
2993
2994
2981
2931
2992
2963
2990
2996
2988
2994
2852
2990
2985
2987
2985
2993
2988
2984
2991
2948
2981
2996
2984
2986
2987
2894
2974
2988
2996
2994
2978
2978
2980
2995
2981
2993
2984
2993
2989
2963
2991
2928
2993
2992
2992
2991
2988
2943
2997
2992
2990
2995
1875
2780
2789
2990
2931
2997
2982
2987
2988
2979
2994
2992
2993
2965
2982
2978
2906
2994
2979
2994
2975
2965
2992
2994
2982
2969
2991
2996
2991
2985
2995
2989
2982
2993
2989
2989
2995
2992
2869
2993
2965
2984
2992
2956
2978
2996
2969
2913
2984
2992
2992
2988
2989
2964
2977
2975
2984
2994
2986
2986
2989
2992
2987
2996
2997
2991
2965
2988
2989
2990
2957
2994
2342
2974
2994
2993
2990
2988
2990
2981
2988
2995
2975
2975
2933
2995
2967
2990
2996
2968
2989
2987
2862
2758
2994
2983
2990
1936
2993
2994
2987
2975
2921
2979
2988
2995
2977
2981
2989
2994
2990
2979
2705
2989
2986
2992
2966
2955
2943
2967
2988
2972
2983
2980
2997
2921
2966
2990
2967
2988
2987
2853
2984
2962
2948
2975
2982
2997
2994
2970
2989
2991
2967
2989
2992
2975
2982
2978
2987
2996
2989
2993
2954
2966
2991
2986
2982
2989
2994
2931
2995
2688
2948
2514
2990
2971
2991
2990
2993
2995
2994
2992
2982
2991
1433
2995
2975
2987
2989
2973
2975
2996
2990
2996
2991
2996
2979
2924
2901
2994
2983
2987
2977
2990
2985
2220
2779
2994
2969
2980
2951
2991
2995
2996
2977
2985
2990
2981
2992
2979
2967
2910
2986
2990
2972
2996
2994
2920
2987
2996
2988
2977
2973
2853
2991
2992
2994
2980
2988
2989
2996
2988
2976
2995
2956
2994
2964
2928
2992
2991
2982
2975
2991
2980
2946
2992
2840
2977
2985
2997
2972
2975
2840
2930
2962
2976
2995
2991
2890
140721853456558
2988
2994
2993
2987
2997
2992
2992
2992
2953
2989
2979
2861
2993
2991
2989
2995
2988
2989
2994
2969
2970
2971
2994
2983
2994
2994
2996
2975
2979
2979
2994
2987
140721853457329
2992
2990
2657
2992
2981
2903
2992
2994
2978
2973
2993
2993
2991
2990
2573
2870
2994
2973
2978
2477
2992
2993
2983
2981
2991
2989
2946
2989
2977
2993
2982
2985
2985
2995
2995
2959
2978
2936
2977
2986
2989
2990
2980
2983
2983
2988
2991
2988
2988
2983
2988
2985
2993
2982
2925
2987
2985
2984
2687
2992
2993
2996
2976
2989
2967
2968
2974
2988
2996
2953
2987
2964
2992
2994
2962
1940
2994
2980
2982
2993
2977
2982
2972
2987
2982
2955
2997
2994
2993
2976
2991
2991
2978
2992
2995
2866
2976
2986
2992
2182
2975
2993
2993
2996
2986
2959
2991
2784
2991
2996
2988
2994
2991
2993
2991
2995
2997
2969
2995
2780
2989
2985
2967
2910
2976
2990
2993
2994
2984
2986
2991
2983
2985
2987
2979
2993
2993
2996
2993
2984
2961
2984
2986
2988
2991
2987
2985
2995
2668
2979
4197415
2992
2987
2993
2990
2921
2924
2987
2996
2992
2992
2970
2988
2995
2996
2993
2995
2990
2983
2978
2985
2992
2967
2993
2994
1802
2994
2986
2997
2990
2807
2992
2988
2996
2975
2974
2994
2988
2997
2992
2996
2995
2984
2978
2992
2978
2996
2991
2962
2975
2987
2995
2991
2991
2990
2862
2807
2992
2920
2987
2994
2986
2970
2995
2988
2991
2978
2996
2991
2960
2974
2985
2986
2878
2988
2969
2973
2993
2990
2950
2966
2987
2983
2984
2969
2984
2966
2992
2990
2981
2953
2911
2912
2990
2972
2996
2971
2988
2977
2993
2976
2987
2984
2992
2983
2997
2993
2984
2994
2989
2982
2986
2993
2990
2989
2994
2995
2994
2977
2992
2995
2984
2979
2987
2960
2992
2951
2990
2992
2991
2977
2995
2985
2993
2993
2997
2992
2977
2992
2951
2992
2984
2986
2930
2991
2940
2990
2931
2994
2992
2960
2985
